c:\users\이도운\desktop\codes\c++\sepherdgame\sepherdgame\x64\debug\sepherdgame.pch
c:\users\이도운\desktop\codes\c++\sepherdgame\sepherdgame\x64\debug\vc140.pdb
c:\users\이도운\desktop\codes\c++\sepherdgame\sepherdgame\x64\debug\vc140.idb
c:\users\이도운\desktop\codes\c++\sepherdgame\sepherdgame\x64\debug\stdafx.obj
c:\users\이도운\desktop\codes\c++\sepherdgame\sepherdgame\x64\debug\matrix.obj
c:\users\이도운\desktop\codes\c++\sepherdgame\sepherdgame\x64\debug\vector2.obj
c:\users\이도운\desktop\codes\c++\sepherdgame\sepherdgame\x64\debug\vector3.obj
c:\users\이도운\desktop\codes\c++\sepherdgame\sepherdgame\x64\debug\vector4.obj
c:\users\이도운\desktop\codes\c++\sepherdgame\sepherdgame\x64\debug\sepherdgame.obj
c:\users\이도운\desktop\codes\c++\sepherdgame\sepherdgame\x64\debug\frame.obj
c:\users\이도운\desktop\codes\c++\sepherdgame\sepherdgame\x64\debug\timer.obj
c:\users\이도운\desktop\codes\c++\sepherdgame\sepherdgame\x64\debug\maingame.obj
c:\users\이도운\desktop\codes\c++\sepherdgame\sepherdgame\x64\debug\base.obj
c:\users\이도운\desktop\codes\c++\sepherdgame\sepherdgame\x64\debug\component.obj
c:\users\이도운\desktop\codes\c++\sepherdgame\sepherdgame\x64\debug\componenetmgr.obj
c:\users\이도운\desktop\codes\c++\sepherdgame\sepherdgame\x64\debug\gameobject.obj
c:\users\이도운\desktop\codes\c++\sepherdgame\sepherdgame\x64\debug\layer.obj
c:\users\이도운\desktop\codes\c++\sepherdgame\sepherdgame\x64\debug\scene.obj
c:\users\이도운\desktop\codes\c++\sepherdgame\sepherdgame\x64\debug\testscene.obj
c:\users\이도운\desktop\codes\c++\sepherdgame\sepherdgame\x64\debug\transform.obj
c:\users\이도운\desktop\codes\c++\sepherdgame\sepherdgame\x64\debug\texture.obj
c:\users\이도운\desktop\codes\c++\sepherdgame\sepherdgame\x64\debug\texturemgr.obj
c:\users\이도운\desktop\codes\c++\sepherdgame\sepherdgame\x64\debug\graphicdev.obj
c:\users\이도운\desktop\codes\c++\sepherdgame\sepherdgame\x64\debug\sepherdgame.res
c:\users\이도운\desktop\codes\c++\sepherdgame\x64\debug\sepherdgame.pdb
c:\users\이도운\desktop\codes\c++\sepherdgame\sepherdgame\x64\debug\sepherdgame.tlog\cl.command.1.tlog
c:\users\이도운\desktop\codes\c++\sepherdgame\sepherdgame\x64\debug\sepherdgame.tlog\cl.read.1.tlog
c:\users\이도운\desktop\codes\c++\sepherdgame\sepherdgame\x64\debug\sepherdgame.tlog\cl.write.1.tlog
c:\users\이도운\desktop\codes\c++\sepherdgame\sepherdgame\x64\debug\sepherdgame.tlog\link.8564-cvtres.read.1.tlog
c:\users\이도운\desktop\codes\c++\sepherdgame\sepherdgame\x64\debug\sepherdgame.tlog\link.8564-cvtres.write.1.tlog
c:\users\이도운\desktop\codes\c++\sepherdgame\sepherdgame\x64\debug\sepherdgame.tlog\link.8564-rc.read.1.tlog
c:\users\이도운\desktop\codes\c++\sepherdgame\sepherdgame\x64\debug\sepherdgame.tlog\link.8564-rc.write.1.tlog
c:\users\이도운\desktop\codes\c++\sepherdgame\sepherdgame\x64\debug\sepherdgame.tlog\link.8564.read.1.tlog
c:\users\이도운\desktop\codes\c++\sepherdgame\sepherdgame\x64\debug\sepherdgame.tlog\link.8564.write.1.tlog
c:\users\이도운\desktop\codes\c++\sepherdgame\sepherdgame\x64\debug\sepherdgame.tlog\link.command.1.tlog
c:\users\이도운\desktop\codes\c++\sepherdgame\sepherdgame\x64\debug\sepherdgame.tlog\link.read.1.tlog
c:\users\이도운\desktop\codes\c++\sepherdgame\sepherdgame\x64\debug\sepherdgame.tlog\link.write.1.tlog
c:\users\이도운\desktop\codes\c++\sepherdgame\sepherdgame\x64\debug\sepherdgame.tlog\rc.command.1.tlog
c:\users\이도운\desktop\codes\c++\sepherdgame\sepherdgame\x64\debug\sepherdgame.tlog\rc.read.1.tlog
c:\users\이도운\desktop\codes\c++\sepherdgame\sepherdgame\x64\debug\sepherdgame.tlog\rc.write.1.tlog
